<?xml version="1.0" encoding="UTF-8"?>
<!-- Generated by org.testng.reporters.JUnitReportReporter -->
<testsuite skipped="0" hostname="LAPTOP-QHMIOBC5" name="tests_Runner.Runner1" tests="16" failures="0" timestamp="2023-04-03T23:23:20 IST" time="378.769" errors="0">
  <testcase name="runScenario" time="28.141" classname="tests_Runner.Runner1"/>
  <system-out/>
  <testcase name="runScenario" time="12.282" classname="tests_Runner.Runner1"/>
  <system-out/>
  <testcase name="runScenario" time="28.337" classname="tests_Runner.Runner1"/>
  <system-out/>
  <testcase name="runScenario" time="13.253" classname="tests_Runner.Runner1"/>
  <system-out/>
  <testcase name="runScenario" time="47.025" classname="tests_Runner.Runner1"/>
  <system-out/>
  <testcase name="runScenario" time="20.748" classname="tests_Runner.Runner1"/>
  <system-out/>
  <testcase name="runScenario" time="24.047" classname="tests_Runner.Runner1"/>
  <system-out/>
  <testcase name="runScenario" time="12.587" classname="tests_Runner.Runner1"/>
  <system-out/>
  <testcase name="runScenario" time="15.019" classname="tests_Runner.Runner1"/>
  <system-out/>
  <testcase name="runScenario" time="27.652" classname="tests_Runner.Runner1"/>
  <system-out/>
  <testcase name="runScenario" time="22.901" classname="tests_Runner.Runner1"/>
  <system-out/>
  <testcase name="runScenario" time="24.229" classname="tests_Runner.Runner1"/>
  <system-out/>
  <testcase name="runScenario" time="35.533" classname="tests_Runner.Runner1"/>
  <system-out/>
  <testcase name="runScenario" time="27.465" classname="tests_Runner.Runner1"/>
  <system-out/>
  <testcase name="runScenario" time="27.982" classname="tests_Runner.Runner1"/>
  <system-out/>
  <testcase name="runScenario" time="11.568" classname="tests_Runner.Runner1"/>
  <system-out/>
</testsuite> <!-- tests_Runner.Runner1 -->
